Flow report for nios_led1
Wed Aug 17 00:03:43 2022
Quartus Prime Version 21.1.1 Build 850 06/23/2022 SJ Lite Edition


---------------------
; Table of Contents ;
---------------------
  1. Legal Notice
  2. Flow Summary
  3. Flow Settings
  4. Flow Non-Default Global Settings
  5. Flow Elapsed Time
  6. Flow OS Summary
  7. Flow Log
  8. Flow Messages
  9. Flow Suppressed Messages



----------------
; Legal Notice ;
----------------
Copyright (C) 2022  Intel Corporation. All rights reserved.
Your use of Intel Corporation's design tools, logic functions 
and other software and tools, and any partner logic 
functions, and any output files from any of the foregoing 
(including device programming or simulation files), and any 
associated documentation or information are expressly subject 
to the terms and conditions of the Intel Program License 
Subscription Agreement, the Intel Quartus Prime License Agreement,
the Intel FPGA IP License Agreement, or other applicable license
agreement, including, without limitation, that your use is for
the sole purpose of programming logic devices manufactured by
Intel and sold by Intel or its authorized distributors.  Please
refer to the applicable agreement for further details, at
https://fpgasoftware.intel.com/eula.



+-------------------------------------------------------------------------------+
; Flow Summary                                                                  ;
+---------------------------------+---------------------------------------------+
; Flow Status                     ; Successful - Wed Aug 17 00:03:38 2022       ;
; Quartus Prime Version           ; 21.1.1 Build 850 06/23/2022 SJ Lite Edition ;
; Revision Name                   ; nios_led1                                   ;
; Top-level Entity Name           ; nios_led1_top                               ;
; Family                          ; Cyclone V                                   ;
; Device                          ; 5CSEMA5F31C6                                ;
; Timing Models                   ; Final                                       ;
; Logic utilization (in ALMs)     ; 652 / 32,070 ( 2 % )                        ;
; Total registers                 ; 839                                         ;
; Total pins                      ; 13 / 457 ( 3 % )                            ;
; Total virtual pins              ; 0                                           ;
; Total block memory bits         ; 174,080 / 4,065,280 ( 4 % )                 ;
; Total DSP Blocks                ; 0 / 87 ( 0 % )                              ;
; Total HSSI RX PCSs              ; 0                                           ;
; Total HSSI PMA RX Deserializers ; 0                                           ;
; Total HSSI TX PCSs              ; 0                                           ;
; Total HSSI PMA TX Serializers   ; 0                                           ;
; Total PLLs                      ; 0 / 6 ( 0 % )                               ;
; Total DLLs                      ; 0 / 4 ( 0 % )                               ;
+---------------------------------+---------------------------------------------+


+-----------------------------------------+
; Flow Settings                           ;
+-------------------+---------------------+
; Option            ; Setting             ;
+-------------------+---------------------+
; Start date & time ; 08/17/2022 00:02:45 ;
; Main task         ; Compilation         ;
; Revision Name     ; nios_led1           ;
+-------------------+---------------------+


+------------------------------------------------------------------------------------------------------------------------------------------------+
; Flow Non-Default Global Settings                                                                                                               ;
+-------------------------------------+-------------------------------------------------------------+---------------+---------------+------------+
; Assignment Name                     ; Value                                                       ; Default Value ; Entity Name   ; Section Id ;
+-------------------------------------+-------------------------------------------------------------+---------------+---------------+------------+
; COMPILER_SIGNATURE_ID               ; 259684876166833.166071256559747                             ; --            ; --            ; --         ;
; MAX_CORE_JUNCTION_TEMP              ; 85                                                          ; --            ; --            ; --         ;
; MIN_CORE_JUNCTION_TEMP              ; 0                                                           ; --            ; --            ; --         ;
; MISC_FILE                           ; nios_led1/synthesis/../nios_led1.cmp                        ; --            ; --            ; --         ;
; MISC_FILE                           ; nios_led1/synthesis/../../nios_led1.qsys                    ; --            ; --            ; --         ;
; PARTITION_COLOR                     ; -- (Not supported for targeted family)                      ; --            ; nios_led1_top ; Top        ;
; PARTITION_FITTER_PRESERVATION_LEVEL ; -- (Not supported for targeted family)                      ; --            ; nios_led1_top ; Top        ;
; PARTITION_NETLIST_TYPE              ; -- (Not supported for targeted family)                      ; --            ; nios_led1_top ; Top        ;
; POWER_BOARD_THERMAL_MODEL           ; None (CONSERVATIVE)                                         ; --            ; --            ; --         ;
; POWER_PRESET_COOLING_SOLUTION       ; 23 MM HEAT SINK WITH 200 LFPM AIRFLOW                       ; --            ; --            ; --         ;
; PROJECT_OUTPUT_DIRECTORY            ; output_files                                                ; --            ; --            ; --         ;
; SLD_FILE                            ; nios_led1/synthesis/nios_led1.regmap                        ; --            ; --            ; --         ;
; SLD_FILE                            ; nios_led1/synthesis/nios_led1.debuginfo                     ; --            ; --            ; --         ;
; SLD_INFO                            ; QSYS_NAME nios_led1 HAS_SOPCINFO 1 GENERATION_ID 1660712501 ; --            ; --            ; --         ;
; SOPCINFO_FILE                       ; nios_led1/synthesis/../../nios_led1.sopcinfo                ; --            ; --            ; --         ;
; SYNTHESIS_ONLY_QIP                  ; On                                                          ; --            ; --            ; --         ;
; TOP_LEVEL_ENTITY                    ; nios_led1_top                                               ; nios_led1     ; --            ; --         ;
+-------------------------------------+-------------------------------------------------------------+---------------+---------------+------------+


+--------------------------------------------------------------------------------------------------------------------------+
; Flow Elapsed Time                                                                                                        ;
+----------------------+--------------+-------------------------+---------------------+------------------------------------+
; Module Name          ; Elapsed Time ; Average Processors Used ; Peak Virtual Memory ; Total CPU Time (on all processors) ;
+----------------------+--------------+-------------------------+---------------------+------------------------------------+
; Analysis & Synthesis ; 00:00:14     ; 1.0                     ; 858 MB              ; 00:00:36                           ;
; Fitter               ; 00:00:30     ; 1.1                     ; 2482 MB             ; 00:01:52                           ;
; Assembler            ; 00:00:04     ; 1.0                     ; 737 MB              ; 00:00:04                           ;
; Timing Analyzer      ; 00:00:04     ; 1.8                     ; 1172 MB             ; 00:00:07                           ;
; Total                ; 00:00:52     ; --                      ; --                  ; 00:02:39                           ;
+----------------------+--------------+-------------------------+---------------------+------------------------------------+


+--------------------------------------------------------------------------------------+
; Flow OS Summary                                                                      ;
+----------------------+------------------+-------------+-------------+----------------+
; Module Name          ; Machine Hostname ; OS Name     ; OS Version  ; Processor type ;
+----------------------+------------------+-------------+-------------+----------------+
; Analysis & Synthesis ; fedora           ; Fedora Core ; Fedora Core ; x86_64         ;
; Fitter               ; fedora           ; Fedora Core ; Fedora Core ; x86_64         ;
; Assembler            ; fedora           ; Fedora Core ; Fedora Core ; x86_64         ;
; Timing Analyzer      ; fedora           ; Fedora Core ; Fedora Core ; x86_64         ;
+----------------------+------------------+-------------+-------------+----------------+


------------
; Flow Log ;
------------
quartus_map --read_settings_files=on --write_settings_files=off nios_led1 -c nios_led1
quartus_fit --read_settings_files=off --write_settings_files=off nios_led1 -c nios_led1
quartus_asm --read_settings_files=off --write_settings_files=off nios_led1 -c nios_led1
quartus_sta nios_led1 -c nios_led1



